#
# There is insufficient memory for the Java Runtime Environment to continue.
# Native memory allocation (mmap) failed to map 132120576 bytes for G1 virtual space
# Possible reasons:
#   The system is out of physical RAM or swap space
#   The process is running with CompressedOops enabled, and the Java Heap may be blocking the growth of the native heap
# Possible solutions:
#   Reduce memory load on the system
#   Increase physical memory or swap space
#   Check if swap backing store is full
#   Decrease Java heap size (-Xmx/-Xms)
#   Decrease number of Java threads
#   Decrease Java thread stack sizes (-Xss)
#   Set larger code cache with -XX:ReservedCodeCacheSize=
#   JVM is running with Unscaled Compressed Oops mode in which the Java heap is
#     placed in the first 4GB address space. The Java Heap base address is the
#     maximum limit for the native heap growth. Please use -XX:HeapBaseMinAddress
#     to set the Java Heap base and to place the Java Heap above 4GB virtual address.
# This output file may be truncated or incomplete.
#
#  Out of Memory Error (os_windows.cpp:3469), pid=10156, tid=9160
#
# JRE version:  (17.0.1+12) (build )
# Java VM: Java HotSpot(TM) 64-Bit Server VM (17.0.1+12-LTS-39, mixed mode, sharing, tiered, compressed oops, compressed class ptrs, g1 gc, windows-amd64)
# No core dump will be written. Minidumps are not enabled by default on client versions of Windows
#

---------------  S U M M A R Y ------------

Command Line: -Dfile.encoding=UTF-8 --module-path=C:\Users\amolb\OneDrive\Documents\NetBeansProjects\Bank Management System\build\classes bank.management.system.SignupTwo

Host: 11th Gen Intel(R) Core(TM) i3-1115G4 @ 3.00GHz, 4 cores, 7G,  Windows 10 , 64 bit Build 26100 (10.0.26100.5074)
Time: Thu Sep 25 12:51:59 2025 India Standard Time elapsed time: 0.392027 seconds (0d 0h 0m 0s)

---------------  T H R E A D  ---------------

Current thread (0x0000013719d2d2e0):  JavaThread "Unknown thread" [_thread_in_vm, id=9160, stack(0x0000000100600000,0x0000000100700000)]

Stack: [0x0000000100600000,0x0000000100700000]
Native frames: (J=compiled Java code, j=interpreted, Vv=VM code, C=native code)
V  [jvm.dll+0x66fa1a]
V  [jvm.dll+0x7ce5a4]
V  [jvm.dll+0x7cfd4e]
V  [jvm.dll+0x7d03b3]
V  [jvm.dll+0x242b05]
V  [jvm.dll+0x66ca39]
V  [jvm.dll+0x661502]
V  [jvm.dll+0x30081b]
V  [jvm.dll+0x307da6]
V  [jvm.dll+0x357a1e]
V  [jvm.dll+0x357c4f]
V  [jvm.dll+0x2d7ad8]
V  [jvm.dll+0x2d8a44]
V  [jvm.dll+0x7a01e1]
V  [jvm.dll+0x365791]
V  [jvm.dll+0x77f6cc]
V  [jvm.dll+0x3e812f]
V  [jvm.dll+0x3e9bd1]
C  [jli.dll+0x527b]
C  [ucrtbase.dll+0x37b0]
C  [KERNEL32.DLL+0x2e8d7]
C  [ntdll.dll+0x8d9c]


---------------  P R O C E S S  ---------------

Threads class SMR info:
_java_thread_list=0x00007ffe766f7818, length=0, elements={
}

Java Threads: ( => current thread )

Other Threads:
  0x0000013719d6dc20 GCTaskThread "GC Thread#0" [stack: 0x0000000100700000,0x0000000100800000] [id=12456]
  0x0000013719d7e4a0 ConcurrentGCThread "G1 Main Marker" [stack: 0x0000000100800000,0x0000000100900000] [id=5492]
  0x0000013719d7eeb0 ConcurrentGCThread "G1 Conc#0" [stack: 0x0000000100900000,0x0000000100a00000] [id=2236]

[error occurred during error reporting (printing all threads), id 0xc0000005, EXCEPTION_ACCESS_VIOLATION (0xc0000005) at pc=0x00007ffe75f484b7]

VM state: not at safepoint (not fully initialized)

VM Mutex/Monitor currently owned by a thread:  ([mutex/lock_event])
[0x0000013719d28cb0] Heap_lock - owner thread: 0x0000013719d2d2e0

Heap address: 0x0000000083600000, size: 1994 MB, Compressed Oops mode: 32-bit

CDS archive(s) mapped at: [0x0000000000000000-0x0000000000000000-0x0000000000000000), size 0, SharedBaseAddress: 0x0000000800000000, ArchiveRelocationMode: 0.
Narrow klass base: 0x0000000000000000, Narrow klass shift: 0, Narrow klass range: 0x0

GC Precious Log:
<Empty>

Heap:
 garbage-first heap   total 0K, used 0K [0x0000000083600000, 0x0000000100000000)
  region size 1024K, 0 young (0K), 0 survivors (0K)

[error occurred during error reporting (printing heap information), id 0xc0000005, EXCEPTION_ACCESS_VIOLATION (0xc0000005) at pc=0x00007ffe76328d89]

GC Heap History (0 events):
No events

Deoptimization events (0 events):
No events

Classes unloaded (0 events):
No events

Classes redefined (0 events):
No events

Internal exceptions (0 events):
No events

VM Operations (0 events):
No events

Events (1 events):
Event: 0.007 Loaded shared library C:\Program Files\Java\jdk-17.0.1\bin\java.dll


Dynamic libraries:
0x00007ff7d6d20000 - 0x00007ff7d6d30000 	C:\Program Files\Java\jdk-17.0.1\bin\java.exe
0x00007ffee78c0000 - 0x00007ffee7b29000 	C:\WINDOWS\SYSTEM32\ntdll.dll
0x00007ffee65d0000 - 0x00007ffee6699000 	C:\WINDOWS\System32\KERNEL32.DLL
0x00007ffee4f40000 - 0x00007ffee5333000 	C:\WINDOWS\System32\KERNELBASE.dll
0x00007ffee53e0000 - 0x00007ffee552b000 	C:\WINDOWS\System32\ucrtbase.dll
0x00007ffedf1a0000 - 0x00007ffedf1b8000 	C:\Program Files\Java\jdk-17.0.1\bin\jli.dll
0x00007ffed2c60000 - 0x00007ffed2c7a000 	C:\Program Files\Java\jdk-17.0.1\bin\VCRUNTIME140.dll
0x00007ffee6380000 - 0x00007ffee6434000 	C:\WINDOWS\System32\ADVAPI32.dll
0x00007ffee5b70000 - 0x00007ffee5c19000 	C:\WINDOWS\System32\msvcrt.dll
0x00007ffee6440000 - 0x00007ffee64e6000 	C:\WINDOWS\System32\sechost.dll
0x00007ffee5880000 - 0x00007ffee5998000 	C:\WINDOWS\System32\RPCRT4.dll
0x00007ffee59a0000 - 0x00007ffee5b64000 	C:\WINDOWS\System32\USER32.dll
0x00007ffee5530000 - 0x00007ffee5557000 	C:\WINDOWS\System32\win32u.dll
0x00007ffee6b90000 - 0x00007ffee6bbb000 	C:\WINDOWS\System32\GDI32.dll
0x00007ffee5560000 - 0x00007ffee568d000 	C:\WINDOWS\System32\gdi32full.dll
0x00007ffee4e90000 - 0x00007ffee4f33000 	C:\WINDOWS\System32\msvcp_win.dll
0x00007ffed0b00000 - 0x00007ffed0d93000 	C:\WINDOWS\WinSxS\amd64_microsoft.windows.common-controls_6595b64144ccf1df_6.0.26100.5074_none_3e0d6f78e32fd63f\COMCTL32.dll
0x00007ffed5560000 - 0x00007ffed556b000 	C:\WINDOWS\SYSTEM32\VERSION.dll
0x00007ffee5690000 - 0x00007ffee56bf000 	C:\WINDOWS\System32\IMM32.DLL
0x00007ffed31d0000 - 0x00007ffed31dc000 	C:\Program Files\Java\jdk-17.0.1\bin\vcruntime140_1.dll
0x00007ffe7e9a0000 - 0x00007ffe7ea2d000 	C:\Program Files\Java\jdk-17.0.1\bin\msvcp140.dll
0x00007ffe75c60000 - 0x00007ffe7681e000 	C:\Program Files\Java\jdk-17.0.1\bin\server\jvm.dll
0x00007ffee73e0000 - 0x00007ffee73e8000 	C:\WINDOWS\System32\PSAPI.DLL
0x00007ffed31e0000 - 0x00007ffed31ea000 	C:\WINDOWS\SYSTEM32\WSOCK32.dll
0x00007ffee6cc0000 - 0x00007ffee6d34000 	C:\WINDOWS\System32\WS2_32.dll
0x00007ffee14c0000 - 0x00007ffee14f5000 	C:\WINDOWS\SYSTEM32\WINMM.dll
0x00007ffee3810000 - 0x00007ffee382b000 	C:\WINDOWS\SYSTEM32\kernel.appcore.dll
0x00007ffed2950000 - 0x00007ffed295a000 	C:\Program Files\Java\jdk-17.0.1\bin\jimage.dll
0x00007ffee22a0000 - 0x00007ffee24e2000 	C:\WINDOWS\SYSTEM32\DBGHELP.DLL
0x00007ffee6dd0000 - 0x00007ffee714b000 	C:\WINDOWS\System32\combase.dll
0x00007ffee64f0000 - 0x00007ffee65c7000 	C:\WINDOWS\System32\OLEAUT32.dll
0x00007ffee1480000 - 0x00007ffee14bd000 	C:\WINDOWS\SYSTEM32\dbgcore.DLL
0x00007ffee5340000 - 0x00007ffee53d9000 	C:\WINDOWS\System32\bcryptPrimitives.dll
0x00007ffebd090000 - 0x00007ffebd0b5000 	C:\Program Files\Java\jdk-17.0.1\bin\java.dll

dbghelp: loaded successfully - version: 4.0.5 - missing functions: none
symbol engine: initialized successfully - sym options: 0x614 - pdb path: .;C:\Program Files\Java\jdk-17.0.1\bin;C:\WINDOWS\SYSTEM32;C:\WINDOWS\WinSxS\amd64_microsoft.windows.common-controls_6595b64144ccf1df_6.0.26100.5074_none_3e0d6f78e32fd63f;C:\Program Files\Java\jdk-17.0.1\bin\server

VM Arguments:
jvm_args: -Dfile.encoding=UTF-8 --module-path=C:\Users\amolb\OneDrive\Documents\NetBeansProjects\Bank Management System\build\classes 
java_command: bank.management.system.SignupTwo
java_class_path (initial): C:\Users\amolb\Downloads\jcalendar-tz-1.3.3-4.jar;C:\Users\amolb\Downloads\mysql-connector-j-8.0.33.jar;C:\Users\amolb\OneDrive\Documents\NetBeansProjects\Bank Management System\build\classes
Launcher Type: SUN_STANDARD

[Global flags]
     intx CICompilerCount                          = 3                                         {product} {ergonomic}
     uint ConcGCThreads                            = 1                                         {product} {ergonomic}
     uint G1ConcRefinementThreads                  = 4                                         {product} {ergonomic}
   size_t G1HeapRegionSize                         = 1048576                                   {product} {ergonomic}
    uintx GCDrainStackTargetSize                   = 64                                        {product} {ergonomic}
   size_t InitialHeapSize                          = 132120576                                 {product} {ergonomic}
   size_t MarkStackSize                            = 4194304                                   {product} {ergonomic}
   size_t MaxHeapSize                              = 2090860544                                {product} {ergonomic}
   size_t MinHeapDeltaBytes                        = 1048576                                   {product} {ergonomic}
   size_t MinHeapSize                              = 8388608                                   {product} {ergonomic}
    uintx NonNMethodCodeHeapSize                   = 5832780                                {pd product} {ergonomic}
    uintx NonProfiledCodeHeapSize                  = 122912730                              {pd product} {ergonomic}
    uintx ProfiledCodeHeapSize                     = 122912730                              {pd product} {ergonomic}
    uintx ReservedCodeCacheSize                    = 251658240                              {pd product} {ergonomic}
     bool SegmentedCodeCache                       = true                                      {product} {ergonomic}
   size_t SoftMaxHeapSize                          = 2090860544                             {manageable} {ergonomic}
     bool UseCompressedClassPointers               = true                           {product lp64_product} {ergonomic}
     bool UseCompressedOops                        = true                           {product lp64_product} {ergonomic}
     bool UseG1GC                                  = true                                      {product} {ergonomic}
     bool UseLargePagesIndividualAllocation        = false                                  {pd product} {ergonomic}

Logging:
Log output configuration:
 #0: stdout all=warning uptime,level,tags
 #1: stderr all=off uptime,level,tags

Environment Variables:
JAVA_HOME=C:\Program Files\Java\jdk-17.0.1
CLASSPATH=C:\oraclexe\app\oracle\product\11.2.0\server\jdbc\lib\ojdbc6.jar;D:\mysql-connector-j-8.1.0\mysql-connector-j-8.1.0.jar;C:\ADVANCED JAVA;C:\Program Files\Java\jdk-17.0.1;C:\Program Files\Apache Software Foundation\Tomcat 10.1\bin;C:\Program Files\Apache Software Foundation\Tomcat 10.1\lib\servlet-api.jar;C:\Program Files\Apache Software Foundation\Tomcat 10.1\lib\jsp-api.jar;
PATH=C:\Program Files\Common Files\Oracle\Java\javapath;C:\Program Files\Java\jdk1.8.0_321\bin;C:\WINDOWS\system32;C:\WINDOWS;C:\WINDOWS\System32\Wbem;C:\WINDOWS\System32\WindowsPowerShell\v1.0\;C:\WINDOWS\System32\OpenSSH\;C:\Program Files (x86)\Git\cmd;C:\MinGW\bin;C:\Program Files\MySQL\MySQL Server 8.0\bin;D:\flutter project\flutter\bin;C:\Program Files\nodejs\;C:\Program Files\nodejs;C:\Program Files\Java\jdk-17.0.1\bin;C:\Users\amolb\Downloads\openjdk-24.0.2_windows-x64_bin\jdk-24.0.2\bin;C:\Program Files\MySQL\MySQL Shell 8.0\bin\;C:\Users\amolb\AppData\Local\Programs\Python\Python313\Scripts\;C:\Users\amolb\AppData\Local\Programs\Python\Python313\;C:\Users\amolb\AppData\Local\Programs\Python\Launcher\;C:\Users\amolb\NEWPYTHON\condabin;C:\Users\amolb\AppData\Local\Programs\Microsoft VS Code\bin;C:\Users\amolb\AppData\Roaming\npm;C:\Users\amolb\AppData\Local\Microsoft\WindowsApps;
USERNAME=amolb
OS=Windows_NT
PROCESSOR_IDENTIFIER=Intel64 Family 6 Model 140 Stepping 1, GenuineIntel



---------------  S Y S T E M  ---------------

OS:
 Windows 10 , 64 bit Build 26100 (10.0.26100.5074)
OS uptime: 0 days 22:42 hours
Hyper-V role detected

CPU: total 4 (initial active 4) (2 cores per cpu, 2 threads per core) family 6 model 140 stepping 1 microcode 0x8a, cx8, cmov, fxsr, ht, mmx, 3dnowpref, sse, sse2, sse3, ssse3, sse4.1, sse4.2, popcnt, lzcnt, tsc, tscinvbit, avx, avx2, aes, erms, clmul, bmi1, bmi2, adx, avx512f, avx512dq, avx512cd, avx512bw, avx512vl, sha, fma, vzeroupper, avx512_vpopcntdq, avx512_vpclmulqdq, avx512_vaes, avx512_vnni, clflush, clflushopt, clwb, avx512_vbmi2, avx512_vbmi, hv

Memory: 4k page, system-wide physical 7975M (1563M free)
TotalPageFile size 20775M (AvailPageFile size 49M)
current process WorkingSet (physical memory assigned to process): 12M, peak: 12M
current process commit charge ("private bytes"): 52M, peak: 178M

vm_info: Java HotSpot(TM) 64-Bit Server VM (17.0.1+12-LTS-39) for windows-amd64 JRE (17.0.1+12-LTS-39), built on Sep 27 2021 18:41:35 by "mach5one" with MS VC++ 16.8 (VS2019)

END.
